<?xml version="1.0" encoding="UTF-8"?>
<!-- Generated by org.testng.reporters.JUnitReportReporter -->
<testsuite hostname="DESKTOP-BHR3PSD" failures="0" tests="3" name="execution.AmazonTest" time="11.653" errors="0" timestamp="2024-03-10T14:28:34 IST" skipped="0">
  <testcase classname="execution.AmazonTest" name="runScenario" time="3.937"/>
  <testcase classname="execution.AmazonTest" name="runScenario" time="2.386"/>
  <testcase classname="execution.AmazonTest" name="runScenario" time="5.330"/>
</testsuite> <!-- execution.AmazonTest -->
