<?xml version="1.0" encoding="UTF-8"?>
<!-- Generated by org.testng.reporters.JUnitReportReporter -->
<testsuite hostname="DESKTOP-BHR3PSD" failures="0" tests="2" name="runner.OrderRunner" time="0.164" errors="0" timestamp="2024-03-08T17:10:14 IST" skipped="0">
  <testcase classname="runner.OrderRunner" name="runScenario" time="0.145"/>
  <testcase classname="runner.OrderRunner" name="runScenario" time="0.019"/>
</testsuite> <!-- runner.OrderRunner -->
