<?xml version="1.0" encoding="UTF-8"?>
<!-- Generated by org.testng.reporters.JUnitReportReporter -->
<testsuite hostname="DESKTOP-BHR3PSD" failures="0" tests="2" name="runner.LoginRunner" time="0.158" errors="0" timestamp="2024-03-08T15:48:20 IST" skipped="0">
  <testcase classname="runner.LoginRunner" name="runScenario" time="0.017"/>
  <testcase classname="runner.LoginRunner" name="runScenario" time="0.141"/>
</testsuite> <!-- runner.LoginRunner -->
