<?xml version="1.0" encoding="UTF-8"?>
<!-- Generated by org.testng.reporters.JUnitReportReporter -->
<testsuite hostname="DESKTOP-BHR3PSD" failures="0" tests="1" name="runner.LoginWithDataRunner" time="0.182" errors="0" timestamp="2024-03-09T09:41:55 IST" skipped="0">
  <testcase classname="runner.LoginWithDataRunner" name="runScenario" time="0.182"/>
</testsuite> <!-- runner.LoginWithDataRunner -->
