<?xml version="1.0" encoding="UTF-8"?>
<!-- Generated by org.testng.reporters.JUnitReportReporter -->
<testsuite hostname="DESKTOP-BHR3PSD" failures="0" tests="2" name="runner.ProfileRunner" time="0.251" errors="0" timestamp="2024-03-09T16:01:18 IST" skipped="0">
  <testcase classname="runner.ProfileRunner" name="runScenario" time="0.229"/>
  <testcase classname="runner.ProfileRunner" name="runScenario" time="0.022"/>
</testsuite> <!-- runner.ProfileRunner -->
