<?xml version="1.0" encoding="UTF-8"?>
<!-- Generated by org.testng.reporters.JUnitReportReporter -->
<testsuite hostname="DESKTOP-BHR3PSD" failures="0" tests="1" name="runner.RegistrationRunner" time="0.175" errors="0" timestamp="2024-03-09T13:37:04 IST" skipped="0">
  <testcase classname="runner.RegistrationRunner" name="runScenario" time="0.175"/>
</testsuite> <!-- runner.RegistrationRunner -->
