<?xml version="1.0" encoding="UTF-8"?>
<!-- Generated by org.testng.reporters.JUnitReportReporter -->
<testsuite hostname="DESKTOP-BHR3PSD" failures="0" tests="1" name="runner.ProfilePictureRunner" time="0.193" errors="0" timestamp="2024-03-09T18:04:13 IST" skipped="0">
  <testcase classname="runner.ProfilePictureRunner" name="runScenario" time="0.193"/>
</testsuite> <!-- runner.ProfilePictureRunner -->
