<?xml version="1.0" encoding="UTF-8"?>
<!-- Generated by org.testng.reporters.JUnitReportReporter -->
<testsuite hostname="DESKTOP-BHR3PSD" failures="0" tests="3" name="runner.SenarioOutlineRunner" time="0.227" errors="0" timestamp="2024-03-09T11:09:02 IST" skipped="0">
  <testcase classname="runner.SenarioOutlineRunner" name="runScenario" time="0.025"/>
  <testcase classname="runner.SenarioOutlineRunner" name="runScenario" time="0.183"/>
  <testcase classname="runner.SenarioOutlineRunner" name="runScenario" time="0.019"/>
</testsuite> <!-- runner.SenarioOutlineRunner -->
